Generated at 2015-02-10 16:47:35 +0000
NameError: Cannot find a resource for ‘apache2’ on ubuntu version 14.04
/usr/lib/ruby/vendor_ruby/chef/resource_platform_map.rb:126:in `get'
/usr/lib/ruby/vendor_ruby/chef/resource.rb:782:in `resource_for_platform'
/usr/lib/ruby/vendor_ruby/chef/resource.rb:799:in `resource_for_node'
/usr/lib/ruby/vendor_ruby/chef/dsl/recipe.rb:55:in `method_missing'
/root/chef-repo/cookbooks/OpenEyes/recipes/default.rb:11:in `from_file'
/usr/lib/ruby/vendor_ruby/chef/mixin/from_file.rb:30:in `instance_eval'
/usr/lib/ruby/vendor_ruby/chef/mixin/from_file.rb:30:in `from_file'
/usr/lib/ruby/vendor_ruby/chef/cookbook_version.rb:237:in `load_recipe'
/usr/lib/ruby/vendor_ruby/chef/run_context.rb:151:in `load_recipe'
/usr/lib/ruby/vendor_ruby/chef/run_context/cookbook_compiler.rb:139:in `block in compile_recipes'
/usr/lib/ruby/vendor_ruby/chef/run_context/cookbook_compiler.rb:137:in `each'
/usr/lib/ruby/vendor_ruby/chef/run_context/cookbook_compiler.rb:137:in `compile_recipes'
/usr/lib/ruby/vendor_ruby/chef/run_context/cookbook_compiler.rb:74:in `compile'
/usr/lib/ruby/vendor_ruby/chef/run_context.rb:86:in `load'
/usr/lib/ruby/vendor_ruby/chef/client.rb:250:in `setup_run_context'
/usr/lib/ruby/vendor_ruby/chef/client.rb:498:in `do_run'
/usr/lib/ruby/vendor_ruby/chef/client.rb:199:in `block in run'
/usr/lib/ruby/vendor_ruby/chef/client.rb:193:in `fork'
/usr/lib/ruby/vendor_ruby/chef/client.rb:193:in `run'
/usr/lib/ruby/vendor_ruby/chef/application.rb:208:in `run_chef_client'
/usr/lib/ruby/vendor_ruby/chef/application/solo.rb:221:in `block in run_application'
/usr/lib/ruby/vendor_ruby/chef/application/solo.rb:213:in `loop'
/usr/lib/ruby/vendor_ruby/chef/application/solo.rb:213:in `run_application'
/usr/lib/ruby/vendor_ruby/chef/application.rb:66:in `run'
/usr/bin/chef-solo:24:in `<main>'